<?xml version="1.0" encoding="utf-8"?>
<test-run id="2" testcasecount="1" result="Passed" total="1" passed="1" failed="0" inconclusive="0" skipped="0" asserts="0" engine-version="3.5.0.0" clr-version="4.0.30319.42000" start-time="2026-02-15 21:26:16Z" end-time="2026-02-15 21:26:22Z" duration="5.9805069">
  <test-suite type="TestSuite" id="1000" name="5th Semester" fullname="5th Semester" runstate="Runnable" testcasecount="1" result="Passed" start-time="2026-02-15 21:26:16Z" end-time="2026-02-15 21:26:22Z" duration="5.980507" total="1" passed="1" failed="0" inconclusive="0" skipped="0" asserts="0">
    <properties>
      <property name="platform" value="EditMode" />
    </properties>
    <test-suite type="Assembly" id="1003" name="CodeStage.PackageToFolder.Editor.Tests.dll" fullname="/github/workspace/Library/ScriptAssemblies/CodeStage.PackageToFolder.Editor.Tests.dll" runstate="Runnable" testcasecount="1" result="Passed" start-time="2026-02-15 21:26:16Z" end-time="2026-02-15 21:26:22Z" duration="5.974211" total="1" passed="1" failed="0" inconclusive="0" skipped="0" asserts="0">
      <properties>
        <property name="_PID" value="3333" />
        <property name="_APPDOMAIN" value="Unity Child Domain" />
        <property name="platform" value="EditMode" />
        <property name="EditorOnly" value="True" />
      </properties>
      <test-suite type="TestSuite" id="1004" name="CodeStage" fullname="CodeStage" runstate="Runnable" testcasecount="1" result="Passed" start-time="2026-02-15 21:26:16Z" end-time="2026-02-15 21:26:22Z" duration="5.973610" total="1" passed="1" failed="0" inconclusive="0" skipped="0" asserts="0">
        <properties />
        <test-suite type="TestSuite" id="1005" name="PackageToFolder" fullname="CodeStage.PackageToFolder" runstate="Runnable" testcasecount="1" result="Passed" start-time="2026-02-15 21:26:16Z" end-time="2026-02-15 21:26:22Z" duration="5.973322" total="1" passed="1" failed="0" inconclusive="0" skipped="0" asserts="0">
          <properties />
          <test-suite type="TestSuite" id="1006" name="Tests" fullname="CodeStage.PackageToFolder.Tests" runstate="Runnable" testcasecount="1" result="Passed" start-time="2026-02-15 21:26:16Z" end-time="2026-02-15 21:26:22Z" duration="5.972950" total="1" passed="1" failed="0" inconclusive="0" skipped="0" asserts="0">
            <properties />
            <test-suite type="TestFixture" id="1001" name="ImportPackageToFolderTests" fullname="CodeStage.PackageToFolder.Tests.ImportPackageToFolderTests" classname="CodeStage.PackageToFolder.Tests.ImportPackageToFolderTests" runstate="Runnable" testcasecount="1" result="Passed" start-time="2026-02-15 21:26:16Z" end-time="2026-02-15 21:26:22Z" duration="5.971669" total="1" passed="1" failed="0" inconclusive="0" skipped="0" asserts="0">
              <properties />
              <test-case id="1002" name="TestSilentImportPackageToFolder" fullname="CodeStage.PackageToFolder.Tests.ImportPackageToFolderTests.TestSilentImportPackageToFolder" methodname="TestSilentImportPackageToFolder" classname="CodeStage.PackageToFolder.Tests.ImportPackageToFolderTests" runstate="Runnable" seed="1952380114" result="Passed" start-time="2026-02-15 21:26:16Z" end-time="2026-02-15 21:26:22Z" duration="5.954257" asserts="0">
                <properties>
                  <property name="_JOINTYPE" value="UnityCombinatorial" />
                  <property name="retryIteration" value="0" />
                  <property name="repeatIteration" value="0" />
                </properties>
                <output><![CDATA[Saving results to: /root/.config/unity3d/DefaultCompany/5th Semester/TestResults.xml
]]></output>
              </test-case>
            </test-suite>
          </test-suite>
        </test-suite>
      </test-suite>
    </test-suite>
  </test-suite>
</test-run>